Analysis & Synthesis report for Aula2Atividade
Thu Oct 13 20:35:11 2022
Quartus Prime Version 20.1.0 Build 711 06/05/2020 SJ Lite Edition


---------------------
; Table of Contents ;
---------------------
  1. Legal Notice
  2. Analysis & Synthesis Summary
  3. Analysis & Synthesis Settings
  4. Parallel Compilation
  5. Analysis & Synthesis Source Files Read
  6. Analysis & Synthesis Resource Usage Summary
  7. Analysis & Synthesis Resource Utilization by Entity
  8. User-Specified and Inferred Latches
  9. Registers Removed During Synthesis
 10. General Register Statistics
 11. Multiplexer Restructuring Statistics (Restructuring Performed)
 12. Parameter Settings for User Entity Instance: Top-level Entity: |Aula2Atividade
 13. Parameter Settings for User Entity Instance: muxGenerico2x1:MUX1
 14. Parameter Settings for User Entity Instance: muxGenerico4x1:MUX2
 15. Parameter Settings for User Entity Instance: registradorGenerico:REGA
 16. Parameter Settings for User Entity Instance: registradorGenerico:PC
 17. Parameter Settings for User Entity Instance: somaConstante:incrementaPC
 18. Parameter Settings for User Entity Instance: regFlipFlop:flagIgual
 19. Parameter Settings for User Entity Instance: registradorGenerico:enderecoDeRetorno
 20. Parameter Settings for User Entity Instance: ULASomaSub:ULA1
 21. Parameter Settings for User Entity Instance: memoriaROM:ROM1
 22. Parameter Settings for User Entity Instance: memoriaDeDados:RAM1
 23. Port Connectivity Checks: "conversorHex7Seg:Hex5value"
 24. Port Connectivity Checks: "conversorHex7Seg:Hex4value"
 25. Port Connectivity Checks: "conversorHex7Seg:Hex3value"
 26. Port Connectivity Checks: "conversorHex7Seg:Hex2value"
 27. Port Connectivity Checks: "conversorHex7Seg:Hex1value"
 28. Port Connectivity Checks: "conversorHex7Seg:Hex0value"
 29. Port Connectivity Checks: "decoderInstru:decoderInstru"
 30. Port Connectivity Checks: "ULASomaSub:ULA1"
 31. Port Connectivity Checks: "registradorGenerico:enderecoDeRetorno"
 32. Port Connectivity Checks: "regFlipFlop:flagIgual"
 33. Port Connectivity Checks: "registradorGenerico:PC"
 34. Port Connectivity Checks: "registradorGenerico:REGA"
 35. Post-Synthesis Netlist Statistics for Top Partition
 36. Elapsed Time Per Partition
 37. Analysis & Synthesis Messages



----------------
; Legal Notice ;
----------------
Copyright (C) 2020  Intel Corporation. All rights reserved.
Your use of Intel Corporation's design tools, logic functions 
and other software and tools, and any partner logic 
functions, and any output files from any of the foregoing 
(including device programming or simulation files), and any 
associated documentation or information are expressly subject 
to the terms and conditions of the Intel Program License 
Subscription Agreement, the Intel Quartus Prime License Agreement,
the Intel FPGA IP License Agreement, or other applicable license
agreement, including, without limitation, that your use is for
the sole purpose of programming logic devices manufactured by
Intel and sold by Intel or its authorized distributors.  Please
refer to the applicable agreement for further details, at
https://fpgasoftware.intel.com/eula.



+-------------------------------------------------------------------------------+
; Analysis & Synthesis Summary                                                  ;
+---------------------------------+---------------------------------------------+
; Analysis & Synthesis Status     ; Successful - Thu Oct 13 20:35:11 2022       ;
; Quartus Prime Version           ; 20.1.0 Build 711 06/05/2020 SJ Lite Edition ;
; Revision Name                   ; Aula2Atividade                              ;
; Top-level Entity Name           ; Aula2Atividade                              ;
; Family                          ; Cyclone V                                   ;
; Logic utilization (in ALMs)     ; N/A                                         ;
; Total registers                 ; 131                                         ;
; Total pins                      ; 76                                          ;
; Total virtual pins              ; 0                                           ;
; Total block memory bits         ; 0                                           ;
; Total DSP Blocks                ; 0                                           ;
; Total HSSI RX PCSs              ; 0                                           ;
; Total HSSI PMA RX Deserializers ; 0                                           ;
; Total HSSI TX PCSs              ; 0                                           ;
; Total HSSI PMA TX Serializers   ; 0                                           ;
; Total PLLs                      ; 0                                           ;
; Total DLLs                      ; 0                                           ;
+---------------------------------+---------------------------------------------+


+---------------------------------------------------------------------------------------------------------------------------+
; Analysis & Synthesis Settings                                                                                             ;
+---------------------------------------------------------------------------------+--------------------+--------------------+
; Option                                                                          ; Setting            ; Default Value      ;
+---------------------------------------------------------------------------------+--------------------+--------------------+
; Device                                                                          ; 5CEBA4F23C7        ;                    ;
; Top-level entity name                                                           ; Aula2Atividade     ; Aula2Atividade     ;
; Family name                                                                     ; Cyclone V          ; Cyclone V          ;
; VHDL Show LMF Mapping Messages                                                  ; Off                ;                    ;
; VHDL Version                                                                    ; VHDL_2008          ; VHDL_1993          ;
; Use smart compilation                                                           ; Off                ; Off                ;
; Enable parallel Assembler and Timing Analyzer during compilation                ; On                 ; On                 ;
; Enable compact report table                                                     ; Off                ; Off                ;
; Restructure Multiplexers                                                        ; Auto               ; Auto               ;
; MLAB Add Timing Constraints For Mixed-Port Feed-Through Mode Setting Don't Care ; Off                ; Off                ;
; Create Debugging Nodes for IP Cores                                             ; Off                ; Off                ;
; Preserve fewer node names                                                       ; On                 ; On                 ;
; Intel FPGA IP Evaluation Mode                                                   ; Enable             ; Enable             ;
; Verilog Version                                                                 ; Verilog_2001       ; Verilog_2001       ;
; State Machine Processing                                                        ; Auto               ; Auto               ;
; Safe State Machine                                                              ; Off                ; Off                ;
; Extract Verilog State Machines                                                  ; On                 ; On                 ;
; Extract VHDL State Machines                                                     ; On                 ; On                 ;
; Ignore Verilog initial constructs                                               ; Off                ; Off                ;
; Iteration limit for constant Verilog loops                                      ; 5000               ; 5000               ;
; Iteration limit for non-constant Verilog loops                                  ; 250                ; 250                ;
; Add Pass-Through Logic to Inferred RAMs                                         ; On                 ; On                 ;
; Infer RAMs from Raw Logic                                                       ; On                 ; On                 ;
; Parallel Synthesis                                                              ; On                 ; On                 ;
; DSP Block Balancing                                                             ; Auto               ; Auto               ;
; NOT Gate Push-Back                                                              ; On                 ; On                 ;
; Power-Up Don't Care                                                             ; On                 ; On                 ;
; Remove Redundant Logic Cells                                                    ; Off                ; Off                ;
; Remove Duplicate Registers                                                      ; On                 ; On                 ;
; Ignore CARRY Buffers                                                            ; Off                ; Off                ;
; Ignore CASCADE Buffers                                                          ; Off                ; Off                ;
; Ignore GLOBAL Buffers                                                           ; Off                ; Off                ;
; Ignore ROW GLOBAL Buffers                                                       ; Off                ; Off                ;
; Ignore LCELL Buffers                                                            ; Off                ; Off                ;
; Ignore SOFT Buffers                                                             ; On                 ; On                 ;
; Limit AHDL Integers to 32 Bits                                                  ; Off                ; Off                ;
; Optimization Technique                                                          ; Balanced           ; Balanced           ;
; Carry Chain Length                                                              ; 70                 ; 70                 ;
; Auto Carry Chains                                                               ; On                 ; On                 ;
; Auto Open-Drain Pins                                                            ; On                 ; On                 ;
; Perform WYSIWYG Primitive Resynthesis                                           ; Off                ; Off                ;
; Auto ROM Replacement                                                            ; On                 ; On                 ;
; Auto RAM Replacement                                                            ; On                 ; On                 ;
; Auto DSP Block Replacement                                                      ; On                 ; On                 ;
; Auto Shift Register Replacement                                                 ; Auto               ; Auto               ;
; Allow Shift Register Merging across Hierarchies                                 ; Auto               ; Auto               ;
; Auto Clock Enable Replacement                                                   ; On                 ; On                 ;
; Strict RAM Replacement                                                          ; Off                ; Off                ;
; Allow Synchronous Control Signals                                               ; On                 ; On                 ;
; Force Use of Synchronous Clear Signals                                          ; Off                ; Off                ;
; Auto Resource Sharing                                                           ; Off                ; Off                ;
; Allow Any RAM Size For Recognition                                              ; Off                ; Off                ;
; Allow Any ROM Size For Recognition                                              ; Off                ; Off                ;
; Allow Any Shift Register Size For Recognition                                   ; Off                ; Off                ;
; Use LogicLock Constraints during Resource Balancing                             ; On                 ; On                 ;
; Ignore translate_off and synthesis_off directives                               ; Off                ; Off                ;
; Timing-Driven Synthesis                                                         ; On                 ; On                 ;
; Report Parameter Settings                                                       ; On                 ; On                 ;
; Report Source Assignments                                                       ; On                 ; On                 ;
; Report Connectivity Checks                                                      ; On                 ; On                 ;
; Ignore Maximum Fan-Out Assignments                                              ; Off                ; Off                ;
; Synchronization Register Chain Length                                           ; 3                  ; 3                  ;
; Power Optimization During Synthesis                                             ; Normal compilation ; Normal compilation ;
; HDL message level                                                               ; Level2             ; Level2             ;
; Suppress Register Optimization Related Messages                                 ; Off                ; Off                ;
; Number of Removed Registers Reported in Synthesis Report                        ; 5000               ; 5000               ;
; Number of Swept Nodes Reported in Synthesis Report                              ; 5000               ; 5000               ;
; Number of Inverted Registers Reported in Synthesis Report                       ; 100                ; 100                ;
; Clock MUX Protection                                                            ; On                 ; On                 ;
; Auto Gated Clock Conversion                                                     ; Off                ; Off                ;
; Block Design Naming                                                             ; Auto               ; Auto               ;
; SDC constraint protection                                                       ; Off                ; Off                ;
; Synthesis Effort                                                                ; Auto               ; Auto               ;
; Shift Register Replacement - Allow Asynchronous Clear Signal                    ; On                 ; On                 ;
; Pre-Mapping Resynthesis Optimization                                            ; Off                ; Off                ;
; Analysis & Synthesis Message Level                                              ; Medium             ; Medium             ;
; Disable Register Merging Across Hierarchies                                     ; Auto               ; Auto               ;
; Resource Aware Inference For Block RAM                                          ; On                 ; On                 ;
; Automatic Parallel Synthesis                                                    ; On                 ; On                 ;
; Partial Reconfiguration Bitstream ID                                            ; Off                ; Off                ;
+---------------------------------------------------------------------------------+--------------------+--------------------+


+------------------------------------------+
; Parallel Compilation                     ;
+----------------------------+-------------+
; Processors                 ; Number      ;
+----------------------------+-------------+
; Number detected on machine ; 8           ;
; Maximum allowed            ; 4           ;
;                            ;             ;
; Average used               ; 1.00        ;
; Maximum used               ; 4           ;
;                            ;             ;
; Usage by Processor         ; % Time Used ;
;     Processor 1            ; 100.0%      ;
;     Processor 2            ;   0.0%      ;
;     Processors 3-4         ;   0.0%      ;
+----------------------------+-------------+


+---------------------------------------------------------------------------------------------------------------------------+
; Analysis & Synthesis Source Files Read                                                                                    ;
+----------------------------------+-----------------+-----------------+------------------------------------------+---------+
; File Name with User-Entered Path ; Used in Netlist ; File Type       ; File Name with Absolute Path             ; Library ;
+----------------------------------+-----------------+-----------------+------------------------------------------+---------+
; memoriaDeDados.vhd               ; yes             ; User VHDL File  ; C:/DesComp/Aula5/memoriaDeDados.vhd      ;         ;
; memoriaROM.vhd                   ; yes             ; User VHDL File  ; C:/DesComp/Aula5/memoriaROM.vhd          ;         ;
; Aula2Atividade.vhd               ; yes             ; User VHDL File  ; C:/DesComp/Aula5/Aula2Atividade.vhd      ;         ;
; muxGenerico2x1.vhd               ; yes             ; User VHDL File  ; C:/DesComp/Aula5/muxGenerico2x1.vhd      ;         ;
; registradorGenerico.vhd          ; yes             ; User VHDL File  ; C:/DesComp/Aula5/registradorGenerico.vhd ;         ;
; ULASomaSub.vhd                   ; yes             ; User VHDL File  ; C:/DesComp/Aula5/ULASomaSub.vhd          ;         ;
; somaConstante.vhd                ; yes             ; User VHDL File  ; C:/DesComp/Aula5/somaConstante.vhd       ;         ;
; decoder.vhd                      ; yes             ; User VHDL File  ; C:/DesComp/Aula5/decoder.vhd             ;         ;
; conversorHex7Seg.vhd             ; yes             ; User VHDL File  ; C:/DesComp/Aula5/conversorHex7Seg.vhd    ;         ;
; logicaDeDesvio.vhd               ; yes             ; User VHDL File  ; C:/DesComp/Aula5/logicaDeDesvio.vhd      ;         ;
; regFlipFlop.vhd                  ; yes             ; User VHDL File  ; C:/DesComp/Aula5/regFlipFlop.vhd         ;         ;
; muxGenerico4x1.vhd               ; yes             ; User VHDL File  ; C:/DesComp/Aula5/muxGenerico4x1.vhd      ;         ;
+----------------------------------+-----------------+-----------------+------------------------------------------+---------+


+------------------------------------------------------------+
; Analysis & Synthesis Resource Usage Summary                ;
+---------------------------------------------+--------------+
; Resource                                    ; Usage        ;
+---------------------------------------------+--------------+
; Estimate of Logic utilization (ALMs needed) ; 105          ;
;                                             ;              ;
; Combinational ALUT usage for logic          ; 139          ;
;     -- 7 input functions                    ; 4            ;
;     -- 6 input functions                    ; 25           ;
;     -- 5 input functions                    ; 37           ;
;     -- 4 input functions                    ; 35           ;
;     -- <=3 input functions                  ; 38           ;
;                                             ;              ;
; Dedicated logic registers                   ; 131          ;
;                                             ;              ;
; I/O pins                                    ; 76           ;
;                                             ;              ;
; Total DSP Blocks                            ; 0            ;
;                                             ;              ;
; Maximum fan-out node                        ; KEY[0]~input ;
; Maximum fan-out                             ; 131          ;
; Total fan-out                               ; 1084         ;
; Average fan-out                             ; 2.57         ;
+---------------------------------------------+--------------+


+--------------------------------------------------------------------------------------------------------------------------------------------------------------------------------------------------------------------------------------------------+
; Analysis & Synthesis Resource Utilization by Entity                                                                                                                                                                                              ;
+--------------------------------------------+---------------------+---------------------------+-------------------+------------+------+--------------+-------------------------------------------------------+---------------------+--------------+
; Compilation Hierarchy Node                 ; Combinational ALUTs ; Dedicated Logic Registers ; Block Memory Bits ; DSP Blocks ; Pins ; Virtual Pins ; Full Hierarchy Name                                   ; Entity Name         ; Library Name ;
+--------------------------------------------+---------------------+---------------------------+-------------------+------------+------+--------------+-------------------------------------------------------+---------------------+--------------+
; |Aula2Atividade                            ; 139 (0)             ; 131 (0)                   ; 0                 ; 0          ; 76   ; 0            ; |Aula2Atividade                                       ; Aula2Atividade      ; work         ;
;    |ULASomaSub:ULA1|                       ; 26 (26)             ; 0 (0)                     ; 0                 ; 0          ; 0    ; 0            ; |Aula2Atividade|ULASomaSub:ULA1                       ; ULASomaSub          ; work         ;
;    |decoderInstru:decoderInstru|           ; 9 (9)               ; 0 (0)                     ; 0                 ; 0          ; 0    ; 0            ; |Aula2Atividade|decoderInstru:decoderInstru           ; decoderInstru       ; work         ;
;    |memoriaDeDados:RAM1|                   ; 56 (56)             ; 104 (104)                 ; 0                 ; 0          ; 0    ; 0            ; |Aula2Atividade|memoriaDeDados:RAM1                   ; memoriaDeDados      ; work         ;
;    |memoriaROM:ROM1|                       ; 20 (20)             ; 0 (0)                     ; 0                 ; 0          ; 0    ; 0            ; |Aula2Atividade|memoriaROM:ROM1                       ; memoriaROM          ; work         ;
;    |muxGenerico2x1:MUX1|                   ; 5 (5)               ; 0 (0)                     ; 0                 ; 0          ; 0    ; 0            ; |Aula2Atividade|muxGenerico2x1:MUX1                   ; muxGenerico2x1      ; work         ;
;    |muxGenerico4x1:MUX2|                   ; 13 (13)             ; 0 (0)                     ; 0                 ; 0          ; 0    ; 0            ; |Aula2Atividade|muxGenerico4x1:MUX2                   ; muxGenerico4x1      ; work         ;
;    |regFlipFlop:flagIgual|                 ; 1 (1)               ; 1 (1)                     ; 0                 ; 0          ; 0    ; 0            ; |Aula2Atividade|regFlipFlop:flagIgual                 ; regFlipFlop         ; work         ;
;    |registradorGenerico:PC|                ; 0 (0)               ; 9 (9)                     ; 0                 ; 0          ; 0    ; 0            ; |Aula2Atividade|registradorGenerico:PC                ; registradorGenerico ; work         ;
;    |registradorGenerico:REGA|              ; 0 (0)               ; 8 (8)                     ; 0                 ; 0          ; 0    ; 0            ; |Aula2Atividade|registradorGenerico:REGA              ; registradorGenerico ; work         ;
;    |registradorGenerico:enderecoDeRetorno| ; 0 (0)               ; 9 (9)                     ; 0                 ; 0          ; 0    ; 0            ; |Aula2Atividade|registradorGenerico:enderecoDeRetorno ; registradorGenerico ; work         ;
;    |somaConstante:incrementaPC|            ; 9 (9)               ; 0 (0)                     ; 0                 ; 0          ; 0    ; 0            ; |Aula2Atividade|somaConstante:incrementaPC            ; somaConstante       ; work         ;
+--------------------------------------------+---------------------+---------------------------+-------------------+------------+------+--------------+-------------------------------------------------------+---------------------+--------------+
Note: For table entries with two numbers listed, the numbers in parentheses indicate the number of resources of the given type used by the specific entity alone. The numbers listed outside of parentheses indicate the total resources of the given type used by the specific entity and all of its sub-entities in the hierarchy.


+--------------------------------------------------------------------------------------------------------+
; User-Specified and Inferred Latches                                                                    ;
+----------------------------------------------------+--------------------------+------------------------+
; Latch Name                                         ; Latch Enable Signal      ; Free of Timing Hazards ;
+----------------------------------------------------+--------------------------+------------------------+
; ULASomaSub:ULA1|saida[0]                           ; ULASomaSub:ULA1|saida[7] ; yes                    ;
; ULASomaSub:ULA1|saida[1]                           ; ULASomaSub:ULA1|saida[7] ; yes                    ;
; ULASomaSub:ULA1|saida[2]                           ; ULASomaSub:ULA1|saida[7] ; yes                    ;
; ULASomaSub:ULA1|saida[3]                           ; ULASomaSub:ULA1|saida[7] ; yes                    ;
; ULASomaSub:ULA1|saida[4]                           ; ULASomaSub:ULA1|saida[7] ; yes                    ;
; ULASomaSub:ULA1|saida[5]                           ; ULASomaSub:ULA1|saida[7] ; yes                    ;
; ULASomaSub:ULA1|saida[6]                           ; ULASomaSub:ULA1|saida[7] ; yes                    ;
; ULASomaSub:ULA1|saida[7]                           ; ULASomaSub:ULA1|saida[7] ; yes                    ;
; Number of user-specified and inferred latches = 8  ;                          ;                        ;
+----------------------------------------------------+--------------------------+------------------------+
Note: All latches listed above may not be present at the end of synthesis due to various synthesis optimizations.


+--------------------------------------------------------------------------------------+
; Registers Removed During Synthesis                                                   ;
+----------------------------------------+---------------------------------------------+
; Register name                          ; Reason for Removal                          ;
+----------------------------------------+---------------------------------------------+
; memoriaDeDados:RAM1|ram~105            ; Stuck at GND due to stuck port clock_enable ;
; memoriaDeDados:RAM1|ram~106            ; Stuck at GND due to stuck port clock_enable ;
; memoriaDeDados:RAM1|ram~107            ; Stuck at GND due to stuck port clock_enable ;
; memoriaDeDados:RAM1|ram~108            ; Stuck at GND due to stuck port clock_enable ;
; memoriaDeDados:RAM1|ram~109            ; Stuck at GND due to stuck port clock_enable ;
; memoriaDeDados:RAM1|ram~110            ; Stuck at GND due to stuck port clock_enable ;
; memoriaDeDados:RAM1|ram~111            ; Stuck at GND due to stuck port clock_enable ;
; memoriaDeDados:RAM1|ram~112            ; Stuck at GND due to stuck port clock_enable ;
; memoriaDeDados:RAM1|ram~81             ; Stuck at GND due to stuck port clock_enable ;
; memoriaDeDados:RAM1|ram~113            ; Stuck at GND due to stuck port clock_enable ;
; memoriaDeDados:RAM1|ram~82             ; Stuck at GND due to stuck port clock_enable ;
; memoriaDeDados:RAM1|ram~114            ; Stuck at GND due to stuck port clock_enable ;
; memoriaDeDados:RAM1|ram~83             ; Stuck at GND due to stuck port clock_enable ;
; memoriaDeDados:RAM1|ram~115            ; Stuck at GND due to stuck port clock_enable ;
; memoriaDeDados:RAM1|ram~84             ; Stuck at GND due to stuck port clock_enable ;
; memoriaDeDados:RAM1|ram~116            ; Stuck at GND due to stuck port clock_enable ;
; memoriaDeDados:RAM1|ram~85             ; Stuck at GND due to stuck port clock_enable ;
; memoriaDeDados:RAM1|ram~117            ; Stuck at GND due to stuck port clock_enable ;
; memoriaDeDados:RAM1|ram~86             ; Stuck at GND due to stuck port clock_enable ;
; memoriaDeDados:RAM1|ram~118            ; Stuck at GND due to stuck port clock_enable ;
; memoriaDeDados:RAM1|ram~87             ; Stuck at GND due to stuck port clock_enable ;
; memoriaDeDados:RAM1|ram~119            ; Stuck at GND due to stuck port clock_enable ;
; memoriaDeDados:RAM1|ram~88             ; Stuck at GND due to stuck port clock_enable ;
; memoriaDeDados:RAM1|ram~120            ; Stuck at GND due to stuck port clock_enable ;
; Total Number of Removed Registers = 24 ;                                             ;
+----------------------------------------+---------------------------------------------+


+------------------------------------------------------+
; General Register Statistics                          ;
+----------------------------------------------+-------+
; Statistic                                    ; Value ;
+----------------------------------------------+-------+
; Total registers                              ; 131   ;
; Number of registers using Synchronous Clear  ; 0     ;
; Number of registers using Synchronous Load   ; 0     ;
; Number of registers using Asynchronous Clear ; 0     ;
; Number of registers using Asynchronous Load  ; 0     ;
; Number of registers using Clock Enable       ; 121   ;
; Number of registers using Preset             ; 0     ;
+----------------------------------------------+-------+


+--------------------------------------------------------------------------------------------------------------------------------------------------------------------+
; Multiplexer Restructuring Statistics (Restructuring Performed)                                                                                                     ;
+--------------------+-----------+---------------+----------------------+------------------------+------------+------------------------------------------------------+
; Multiplexer Inputs ; Bus Width ; Baseline Area ; Area if Restructured ; Saving if Restructured ; Registered ; Example Multiplexer Output                           ;
+--------------------+-----------+---------------+----------------------+------------------------+------------+------------------------------------------------------+
; 3:1                ; 4 bits    ; 8 LEs         ; 8 LEs                ; 0 LEs                  ; No         ; |Aula2Atividade|muxGenerico4x1:MUX2|saida_MUX[7]     ;
; 3:1                ; 5 bits    ; 10 LEs        ; 10 LEs               ; 0 LEs                  ; No         ; |Aula2Atividade|muxGenerico4x1:MUX2|saida_MUX[0]     ;
; 5:1                ; 2 bits    ; 6 LEs         ; 6 LEs                ; 0 LEs                  ; No         ; |Aula2Atividade|decoderInstru:decoderInstru|saida[3] ;
; 6:1                ; 3 bits    ; 12 LEs        ; 12 LEs               ; 0 LEs                  ; No         ; |Aula2Atividade|decoderInstru:decoderInstru|saida[2] ;
+--------------------+-----------+---------------+----------------------+------------------------+------------+------------------------------------------------------+


+--------------------------------------------------------------------------------+
; Parameter Settings for User Entity Instance: Top-level Entity: |Aula2Atividade ;
+------------------+-------+-----------------------------------------------------+
; Parameter Name   ; Value ; Type                                                ;
+------------------+-------+-----------------------------------------------------+
; larguraDados     ; 8     ; Signed Integer                                      ;
; larguraEnderecos ; 9     ; Signed Integer                                      ;
; simulacao        ; true  ; Enumerated                                          ;
+------------------+-------+-----------------------------------------------------+
Note: In order to hide this table in the UI and the text report file, please set the "Show Parameter Settings in Synthesis Report" option in "Analysis and Synthesis Settings -> More Settings" to "Off".


+------------------------------------------------------------------+
; Parameter Settings for User Entity Instance: muxGenerico2x1:MUX1 ;
+----------------+-------+-----------------------------------------+
; Parameter Name ; Value ; Type                                    ;
+----------------+-------+-----------------------------------------+
; larguradados   ; 8     ; Signed Integer                          ;
+----------------+-------+-----------------------------------------+
Note: In order to hide this table in the UI and the text report file, please set the "Show Parameter Settings in Synthesis Report" option in "Analysis and Synthesis Settings -> More Settings" to "Off".


+------------------------------------------------------------------+
; Parameter Settings for User Entity Instance: muxGenerico4x1:MUX2 ;
+----------------+-------+-----------------------------------------+
; Parameter Name ; Value ; Type                                    ;
+----------------+-------+-----------------------------------------+
; larguradados   ; 9     ; Signed Integer                          ;
+----------------+-------+-----------------------------------------+
Note: In order to hide this table in the UI and the text report file, please set the "Show Parameter Settings in Synthesis Report" option in "Analysis and Synthesis Settings -> More Settings" to "Off".


+-----------------------------------------------------------------------+
; Parameter Settings for User Entity Instance: registradorGenerico:REGA ;
+----------------+-------+----------------------------------------------+
; Parameter Name ; Value ; Type                                         ;
+----------------+-------+----------------------------------------------+
; larguradados   ; 8     ; Signed Integer                               ;
+----------------+-------+----------------------------------------------+
Note: In order to hide this table in the UI and the text report file, please set the "Show Parameter Settings in Synthesis Report" option in "Analysis and Synthesis Settings -> More Settings" to "Off".


+---------------------------------------------------------------------+
; Parameter Settings for User Entity Instance: registradorGenerico:PC ;
+----------------+-------+--------------------------------------------+
; Parameter Name ; Value ; Type                                       ;
+----------------+-------+--------------------------------------------+
; larguradados   ; 9     ; Signed Integer                             ;
+----------------+-------+--------------------------------------------+
Note: In order to hide this table in the UI and the text report file, please set the "Show Parameter Settings in Synthesis Report" option in "Analysis and Synthesis Settings -> More Settings" to "Off".


+-------------------------------------------------------------------------+
; Parameter Settings for User Entity Instance: somaConstante:incrementaPC ;
+----------------+-------+------------------------------------------------+
; Parameter Name ; Value ; Type                                           ;
+----------------+-------+------------------------------------------------+
; larguradados   ; 9     ; Signed Integer                                 ;
; constante      ; 1     ; Signed Integer                                 ;
+----------------+-------+------------------------------------------------+
Note: In order to hide this table in the UI and the text report file, please set the "Show Parameter Settings in Synthesis Report" option in "Analysis and Synthesis Settings -> More Settings" to "Off".


+--------------------------------------------------------------------+
; Parameter Settings for User Entity Instance: regFlipFlop:flagIgual ;
+----------------+-------+-------------------------------------------+
; Parameter Name ; Value ; Type                                      ;
+----------------+-------+-------------------------------------------+
; larguradados   ; 1     ; Signed Integer                            ;
+----------------+-------+-------------------------------------------+
Note: In order to hide this table in the UI and the text report file, please set the "Show Parameter Settings in Synthesis Report" option in "Analysis and Synthesis Settings -> More Settings" to "Off".


+------------------------------------------------------------------------------------+
; Parameter Settings for User Entity Instance: registradorGenerico:enderecoDeRetorno ;
+----------------+-------+-----------------------------------------------------------+
; Parameter Name ; Value ; Type                                                      ;
+----------------+-------+-----------------------------------------------------------+
; larguradados   ; 9     ; Signed Integer                                            ;
+----------------+-------+-----------------------------------------------------------+
Note: In order to hide this table in the UI and the text report file, please set the "Show Parameter Settings in Synthesis Report" option in "Analysis and Synthesis Settings -> More Settings" to "Off".


+--------------------------------------------------------------+
; Parameter Settings for User Entity Instance: ULASomaSub:ULA1 ;
+----------------+-------+-------------------------------------+
; Parameter Name ; Value ; Type                                ;
+----------------+-------+-------------------------------------+
; larguradados   ; 8     ; Signed Integer                      ;
+----------------+-------+-------------------------------------+
Note: In order to hide this table in the UI and the text report file, please set the "Show Parameter Settings in Synthesis Report" option in "Analysis and Synthesis Settings -> More Settings" to "Off".


+--------------------------------------------------------------+
; Parameter Settings for User Entity Instance: memoriaROM:ROM1 ;
+----------------+-------+-------------------------------------+
; Parameter Name ; Value ; Type                                ;
+----------------+-------+-------------------------------------+
; datawidth      ; 13    ; Signed Integer                      ;
; addrwidth      ; 9     ; Signed Integer                      ;
+----------------+-------+-------------------------------------+
Note: In order to hide this table in the UI and the text report file, please set the "Show Parameter Settings in Synthesis Report" option in "Analysis and Synthesis Settings -> More Settings" to "Off".


+------------------------------------------------------------------+
; Parameter Settings for User Entity Instance: memoriaDeDados:RAM1 ;
+----------------+-------+-----------------------------------------+
; Parameter Name ; Value ; Type                                    ;
+----------------+-------+-----------------------------------------+
; datawidth      ; 8     ; Signed Integer                          ;
; addrwidth      ; 8     ; Signed Integer                          ;
+----------------+-------+-----------------------------------------+
Note: In order to hide this table in the UI and the text report file, please set the "Show Parameter Settings in Synthesis Report" option in "Analysis and Synthesis Settings -> More Settings" to "Off".


+---------------------------------------------------------------------------------------------------------------------+
; Port Connectivity Checks: "conversorHex7Seg:Hex5value"                                                              ;
+-----------+--------+----------+-------------------------------------------------------------------------------------+
; Port      ; Type   ; Severity ; Details                                                                             ;
+-----------+--------+----------+-------------------------------------------------------------------------------------+
; saida7seg ; Output ; Info     ; Connected to dangling logic. Logic that only feeds a dangling port will be removed. ;
+-----------+--------+----------+-------------------------------------------------------------------------------------+


+---------------------------------------------------------------------------------------------------------------------+
; Port Connectivity Checks: "conversorHex7Seg:Hex4value"                                                              ;
+-----------+--------+----------+-------------------------------------------------------------------------------------+
; Port      ; Type   ; Severity ; Details                                                                             ;
+-----------+--------+----------+-------------------------------------------------------------------------------------+
; saida7seg ; Output ; Info     ; Connected to dangling logic. Logic that only feeds a dangling port will be removed. ;
+-----------+--------+----------+-------------------------------------------------------------------------------------+


+---------------------------------------------------------------------------------------------------------------------+
; Port Connectivity Checks: "conversorHex7Seg:Hex3value"                                                              ;
+-----------+--------+----------+-------------------------------------------------------------------------------------+
; Port      ; Type   ; Severity ; Details                                                                             ;
+-----------+--------+----------+-------------------------------------------------------------------------------------+
; apaga     ; Input  ; Info     ; Stuck at VCC                                                                        ;
; negativo  ; Input  ; Info     ; Stuck at GND                                                                        ;
; saida7seg ; Output ; Info     ; Connected to dangling logic. Logic that only feeds a dangling port will be removed. ;
+-----------+--------+----------+-------------------------------------------------------------------------------------+


+---------------------------------------------------------------------------------------------------------------------+
; Port Connectivity Checks: "conversorHex7Seg:Hex2value"                                                              ;
+-----------+--------+----------+-------------------------------------------------------------------------------------+
; Port      ; Type   ; Severity ; Details                                                                             ;
+-----------+--------+----------+-------------------------------------------------------------------------------------+
; apaga     ; Input  ; Info     ; Stuck at VCC                                                                        ;
; negativo  ; Input  ; Info     ; Stuck at GND                                                                        ;
; saida7seg ; Output ; Info     ; Connected to dangling logic. Logic that only feeds a dangling port will be removed. ;
+-----------+--------+----------+-------------------------------------------------------------------------------------+


+---------------------------------------------------------------------------------------------------------------------+
; Port Connectivity Checks: "conversorHex7Seg:Hex1value"                                                              ;
+-----------+--------+----------+-------------------------------------------------------------------------------------+
; Port      ; Type   ; Severity ; Details                                                                             ;
+-----------+--------+----------+-------------------------------------------------------------------------------------+
; saida7seg ; Output ; Info     ; Connected to dangling logic. Logic that only feeds a dangling port will be removed. ;
+-----------+--------+----------+-------------------------------------------------------------------------------------+


+---------------------------------------------------------------------------------------------------------------------+
; Port Connectivity Checks: "conversorHex7Seg:Hex0value"                                                              ;
+-----------+--------+----------+-------------------------------------------------------------------------------------+
; Port      ; Type   ; Severity ; Details                                                                             ;
+-----------+--------+----------+-------------------------------------------------------------------------------------+
; saida7seg ; Output ; Info     ; Connected to dangling logic. Logic that only feeds a dangling port will be removed. ;
+-----------+--------+----------+-------------------------------------------------------------------------------------+


+--------------------------------------------------------------------------------------------------------------------+
; Port Connectivity Checks: "decoderInstru:decoderInstru"                                                            ;
+----------+--------+----------+-------------------------------------------------------------------------------------+
; Port     ; Type   ; Severity ; Details                                                                             ;
+----------+--------+----------+-------------------------------------------------------------------------------------+
; saida[6] ; Output ; Info     ; Connected to dangling logic. Logic that only feeds a dangling port will be removed. ;
+----------+--------+----------+-------------------------------------------------------------------------------------+


+---------------------------------------------------------------------------------------------------------------------+
; Port Connectivity Checks: "ULASomaSub:ULA1"                                                                         ;
+-----------+--------+----------+-------------------------------------------------------------------------------------+
; Port      ; Type   ; Severity ; Details                                                                             ;
+-----------+--------+----------+-------------------------------------------------------------------------------------+
; saida_cmp ; Output ; Info     ; Connected to dangling logic. Logic that only feeds a dangling port will be removed. ;
+-----------+--------+----------+-------------------------------------------------------------------------------------+


+-------------------------------------------------------------------+
; Port Connectivity Checks: "registradorGenerico:enderecoDeRetorno" ;
+------+-------+----------+-----------------------------------------+
; Port ; Type  ; Severity ; Details                                 ;
+------+-------+----------+-----------------------------------------+
; rst  ; Input ; Info     ; Stuck at GND                            ;
+------+-------+----------+-----------------------------------------+


+---------------------------------------------------+
; Port Connectivity Checks: "regFlipFlop:flagIgual" ;
+------+-------+----------+-------------------------+
; Port ; Type  ; Severity ; Details                 ;
+------+-------+----------+-------------------------+
; rst  ; Input ; Info     ; Stuck at GND            ;
+------+-------+----------+-------------------------+


+----------------------------------------------------+
; Port Connectivity Checks: "registradorGenerico:PC" ;
+--------+-------+----------+------------------------+
; Port   ; Type  ; Severity ; Details                ;
+--------+-------+----------+------------------------+
; enable ; Input ; Info     ; Stuck at VCC           ;
; rst    ; Input ; Info     ; Stuck at GND           ;
+--------+-------+----------+------------------------+


+------------------------------------------------------+
; Port Connectivity Checks: "registradorGenerico:REGA" ;
+------+-------+----------+----------------------------+
; Port ; Type  ; Severity ; Details                    ;
+------+-------+----------+----------------------------+
; rst  ; Input ; Info     ; Stuck at GND               ;
+------+-------+----------+----------------------------+


+-----------------------------------------------------+
; Post-Synthesis Netlist Statistics for Top Partition ;
+-----------------------+-----------------------------+
; Type                  ; Count                       ;
+-----------------------+-----------------------------+
; arriav_ff             ; 131                         ;
;     ENA               ; 121                         ;
;     plain             ; 10                          ;
; arriav_lcell_comb     ; 140                         ;
;     arith             ; 18                          ;
;         1 data inputs ; 9                           ;
;         4 data inputs ; 1                           ;
;         5 data inputs ; 8                           ;
;     extend            ; 4                           ;
;         7 data inputs ; 4                           ;
;     normal            ; 118                         ;
;         0 data inputs ; 1                           ;
;         2 data inputs ; 9                           ;
;         3 data inputs ; 20                          ;
;         4 data inputs ; 34                          ;
;         5 data inputs ; 29                          ;
;         6 data inputs ; 25                          ;
; boundary_port         ; 76                          ;
;                       ;                             ;
; Max LUT depth         ; 8.70                        ;
; Average LUT depth     ; 5.67                        ;
+-----------------------+-----------------------------+


+-------------------------------+
; Elapsed Time Per Partition    ;
+----------------+--------------+
; Partition Name ; Elapsed Time ;
+----------------+--------------+
; Top            ; 00:00:01     ;
+----------------+--------------+


+-------------------------------+
; Analysis & Synthesis Messages ;
+-------------------------------+
Info: *******************************************************************
Info: Running Quartus Prime Analysis & Synthesis
    Info: Version 20.1.0 Build 711 06/05/2020 SJ Lite Edition
    Info: Processing started: Thu Oct 13 20:34:55 2022
Info: Command: quartus_map --read_settings_files=on --write_settings_files=off Aula2Atividade -c Aula2Atividade
Warning (18236): Number of processors has not been specified which may cause overloading on shared machines.  Set the global assignment NUM_PARALLEL_PROCESSORS in your QSF to an appropriate value for best performance.
Info (20030): Parallel compilation is enabled and will use 4 of the 4 processors detected
Info (12021): Found 2 design units, including 1 entities, in source file memoriadedados.vhd
    Info (12022): Found design unit 1: memoriaDeDados-assincrona File: C:/DesComp/Aula5/memoriaDeDados.vhd Line: 21
    Info (12023): Found entity 1: memoriaDeDados File: C:/DesComp/Aula5/memoriaDeDados.vhd Line: 5
Info (12021): Found 2 design units, including 1 entities, in source file memoriarom.vhd
    Info (12022): Found design unit 1: memoriaROM-assincrona File: C:/DesComp/Aula5/memoriaROM.vhd Line: 16
    Info (12023): Found entity 1: memoriaROM File: C:/DesComp/Aula5/memoriaROM.vhd Line: 5
Info (12021): Found 2 design units, including 1 entities, in source file aula2atividade.vhd
    Info (12022): Found design unit 1: Aula2Atividade-arquitetura File: C:/DesComp/Aula5/Aula2Atividade.vhd Line: 26
    Info (12023): Found entity 1: Aula2Atividade File: C:/DesComp/Aula5/Aula2Atividade.vhd Line: 4
Info (12021): Found 2 design units, including 1 entities, in source file muxgenerico2x1.vhd
    Info (12022): Found design unit 1: muxGenerico2x1-comportamento File: C:/DesComp/Aula5/muxGenerico2x1.vhd Line: 14
    Info (12023): Found entity 1: muxGenerico2x1 File: C:/DesComp/Aula5/muxGenerico2x1.vhd Line: 4
Info (12021): Found 2 design units, including 1 entities, in source file registradorgenerico.vhd
    Info (12022): Found design unit 1: registradorGenerico-comportamento File: C:/DesComp/Aula5/registradorGenerico.vhd Line: 15
    Info (12023): Found entity 1: registradorGenerico File: C:/DesComp/Aula5/registradorGenerico.vhd Line: 4
Info (12021): Found 2 design units, including 1 entities, in source file ulasomasub.vhd
    Info (12022): Found design unit 1: ULASomaSub-comportamento File: C:/DesComp/Aula5/ULASomaSub.vhd Line: 15
    Info (12023): Found entity 1: ULASomaSub File: C:/DesComp/Aula5/ULASomaSub.vhd Line: 5
Info (12021): Found 3 design units, including 1 entities, in source file edgedetector.vhd
    Info (12022): Found design unit 1: edgeDetector-bordaSubida File: C:/DesComp/Aula5/edgeDetector.vhd Line: 10
    Info (12022): Found design unit 2: edgeDetector-bordaDescida File: C:/DesComp/Aula5/edgeDetector.vhd Line: 23
    Info (12023): Found entity 1: edgeDetector File: C:/DesComp/Aula5/edgeDetector.vhd Line: 4
Info (12021): Found 2 design units, including 1 entities, in source file somaconstante.vhd
    Info (12022): Found design unit 1: somaConstante-comportamento File: C:/DesComp/Aula5/somaConstante.vhd Line: 18
    Info (12023): Found entity 1: somaConstante File: C:/DesComp/Aula5/somaConstante.vhd Line: 5
Info (12021): Found 2 design units, including 1 entities, in source file decoder.vhd
    Info (12022): Found design unit 1: decoderInstru-comportamento File: C:/DesComp/Aula5/decoder.vhd Line: 10
    Info (12023): Found entity 1: decoderInstru File: C:/DesComp/Aula5/decoder.vhd Line: 4
Info (12021): Found 2 design units, including 1 entities, in source file conversorhex7seg.vhd
    Info (12022): Found design unit 1: conversorHex7Seg-comportamento File: C:/DesComp/Aula5/conversorHex7Seg.vhd Line: 17
    Info (12023): Found entity 1: conversorHex7Seg File: C:/DesComp/Aula5/conversorHex7Seg.vhd Line: 4
Info (12021): Found 2 design units, including 1 entities, in source file logicadedesvio.vhd
    Info (12022): Found design unit 1: logicaDeDesvio-comportamento File: C:/DesComp/Aula5/logicaDeDesvio.vhd Line: 10
    Info (12023): Found entity 1: logicaDeDesvio File: C:/DesComp/Aula5/logicaDeDesvio.vhd Line: 4
Info (12021): Found 2 design units, including 1 entities, in source file regflipflop.vhd
    Info (12022): Found design unit 1: regFlipFlop-comportamento File: C:/DesComp/Aula5/regFlipFlop.vhd Line: 15
    Info (12023): Found entity 1: regFlipFlop File: C:/DesComp/Aula5/regFlipFlop.vhd Line: 4
Info (12021): Found 2 design units, including 1 entities, in source file muxgenerico4x1.vhd
    Info (12022): Found design unit 1: muxGenerico4x1-comportamento File: C:/DesComp/Aula5/muxGenerico4x1.vhd Line: 14
    Info (12023): Found entity 1: muxGenerico4x1 File: C:/DesComp/Aula5/muxGenerico4x1.vhd Line: 4
Info (12127): Elaborating entity "Aula2Atividade" for the top level hierarchy
Warning (10541): VHDL Signal Declaration warning at Aula2Atividade.vhd(16): used implicit default value for signal "HEX0" because signal was never assigned a value or an explicit default value. Use of implicit default value may introduce unintended design optimizations. File: C:/DesComp/Aula5/Aula2Atividade.vhd Line: 16
Warning (10541): VHDL Signal Declaration warning at Aula2Atividade.vhd(17): used implicit default value for signal "HEX1" because signal was never assigned a value or an explicit default value. Use of implicit default value may introduce unintended design optimizations. File: C:/DesComp/Aula5/Aula2Atividade.vhd Line: 17
Warning (10541): VHDL Signal Declaration warning at Aula2Atividade.vhd(18): used implicit default value for signal "HEX2" because signal was never assigned a value or an explicit default value. Use of implicit default value may introduce unintended design optimizations. File: C:/DesComp/Aula5/Aula2Atividade.vhd Line: 18
Warning (10541): VHDL Signal Declaration warning at Aula2Atividade.vhd(19): used implicit default value for signal "HEX3" because signal was never assigned a value or an explicit default value. Use of implicit default value may introduce unintended design optimizations. File: C:/DesComp/Aula5/Aula2Atividade.vhd Line: 19
Warning (10541): VHDL Signal Declaration warning at Aula2Atividade.vhd(20): used implicit default value for signal "HEX4" because signal was never assigned a value or an explicit default value. Use of implicit default value may introduce unintended design optimizations. File: C:/DesComp/Aula5/Aula2Atividade.vhd Line: 20
Warning (10541): VHDL Signal Declaration warning at Aula2Atividade.vhd(21): used implicit default value for signal "HEX5" because signal was never assigned a value or an explicit default value. Use of implicit default value may introduce unintended design optimizations. File: C:/DesComp/Aula5/Aula2Atividade.vhd Line: 21
Warning (10541): VHDL Signal Declaration warning at Aula2Atividade.vhd(89): used implicit default value for signal "HEX0_APAGA" because signal was never assigned a value or an explicit default value. Use of implicit default value may introduce unintended design optimizations. File: C:/DesComp/Aula5/Aula2Atividade.vhd Line: 89
Warning (10541): VHDL Signal Declaration warning at Aula2Atividade.vhd(90): used implicit default value for signal "HEX0_NEG" because signal was never assigned a value or an explicit default value. Use of implicit default value may introduce unintended design optimizations. File: C:/DesComp/Aula5/Aula2Atividade.vhd Line: 90
Warning (10541): VHDL Signal Declaration warning at Aula2Atividade.vhd(91): used implicit default value for signal "HEX0_OVERFLOW" because signal was never assigned a value or an explicit default value. Use of implicit default value may introduce unintended design optimizations. File: C:/DesComp/Aula5/Aula2Atividade.vhd Line: 91
Warning (10036): Verilog HDL or VHDL warning at Aula2Atividade.vhd(92): object "HEX0_SAIDA" assigned a value but never read File: C:/DesComp/Aula5/Aula2Atividade.vhd Line: 92
Warning (10541): VHDL Signal Declaration warning at Aula2Atividade.vhd(95): used implicit default value for signal "HEX1_APAGA" because signal was never assigned a value or an explicit default value. Use of implicit default value may introduce unintended design optimizations. File: C:/DesComp/Aula5/Aula2Atividade.vhd Line: 95
Warning (10541): VHDL Signal Declaration warning at Aula2Atividade.vhd(96): used implicit default value for signal "HEX1_NEG" because signal was never assigned a value or an explicit default value. Use of implicit default value may introduce unintended design optimizations. File: C:/DesComp/Aula5/Aula2Atividade.vhd Line: 96
Warning (10541): VHDL Signal Declaration warning at Aula2Atividade.vhd(97): used implicit default value for signal "HEX1_OVERFLOW" because signal was never assigned a value or an explicit default value. Use of implicit default value may introduce unintended design optimizations. File: C:/DesComp/Aula5/Aula2Atividade.vhd Line: 97
Warning (10036): Verilog HDL or VHDL warning at Aula2Atividade.vhd(98): object "HEX1_SAIDA" assigned a value but never read File: C:/DesComp/Aula5/Aula2Atividade.vhd Line: 98
Warning (10541): VHDL Signal Declaration warning at Aula2Atividade.vhd(100): used implicit default value for signal "HEX2_DADO" because signal was never assigned a value or an explicit default value. Use of implicit default value may introduce unintended design optimizations. File: C:/DesComp/Aula5/Aula2Atividade.vhd Line: 100
Warning (10541): VHDL Signal Declaration warning at Aula2Atividade.vhd(103): used implicit default value for signal "HEX2_OVERFLOW" because signal was never assigned a value or an explicit default value. Use of implicit default value may introduce unintended design optimizations. File: C:/DesComp/Aula5/Aula2Atividade.vhd Line: 103
Warning (10036): Verilog HDL or VHDL warning at Aula2Atividade.vhd(104): object "HEX2_SAIDA" assigned a value but never read File: C:/DesComp/Aula5/Aula2Atividade.vhd Line: 104
Warning (10541): VHDL Signal Declaration warning at Aula2Atividade.vhd(106): used implicit default value for signal "HEX3_DADO" because signal was never assigned a value or an explicit default value. Use of implicit default value may introduce unintended design optimizations. File: C:/DesComp/Aula5/Aula2Atividade.vhd Line: 106
Warning (10541): VHDL Signal Declaration warning at Aula2Atividade.vhd(109): used implicit default value for signal "HEX3_OVERFLOW" because signal was never assigned a value or an explicit default value. Use of implicit default value may introduce unintended design optimizations. File: C:/DesComp/Aula5/Aula2Atividade.vhd Line: 109
Warning (10036): Verilog HDL or VHDL warning at Aula2Atividade.vhd(110): object "HEX3_SAIDA" assigned a value but never read File: C:/DesComp/Aula5/Aula2Atividade.vhd Line: 110
Warning (10541): VHDL Signal Declaration warning at Aula2Atividade.vhd(113): used implicit default value for signal "HEX4_APAGA" because signal was never assigned a value or an explicit default value. Use of implicit default value may introduce unintended design optimizations. File: C:/DesComp/Aula5/Aula2Atividade.vhd Line: 113
Warning (10541): VHDL Signal Declaration warning at Aula2Atividade.vhd(114): used implicit default value for signal "HEX4_NEG" because signal was never assigned a value or an explicit default value. Use of implicit default value may introduce unintended design optimizations. File: C:/DesComp/Aula5/Aula2Atividade.vhd Line: 114
Warning (10541): VHDL Signal Declaration warning at Aula2Atividade.vhd(115): used implicit default value for signal "HEX4_OVERFLOW" because signal was never assigned a value or an explicit default value. Use of implicit default value may introduce unintended design optimizations. File: C:/DesComp/Aula5/Aula2Atividade.vhd Line: 115
Warning (10036): Verilog HDL or VHDL warning at Aula2Atividade.vhd(116): object "HEX4_SAIDA" assigned a value but never read File: C:/DesComp/Aula5/Aula2Atividade.vhd Line: 116
Warning (10541): VHDL Signal Declaration warning at Aula2Atividade.vhd(119): used implicit default value for signal "HEX5_APAGA" because signal was never assigned a value or an explicit default value. Use of implicit default value may introduce unintended design optimizations. File: C:/DesComp/Aula5/Aula2Atividade.vhd Line: 119
Warning (10541): VHDL Signal Declaration warning at Aula2Atividade.vhd(120): used implicit default value for signal "HEX5_NEG" because signal was never assigned a value or an explicit default value. Use of implicit default value may introduce unintended design optimizations. File: C:/DesComp/Aula5/Aula2Atividade.vhd Line: 120
Warning (10541): VHDL Signal Declaration warning at Aula2Atividade.vhd(121): used implicit default value for signal "HEX5_OVERFLOW" because signal was never assigned a value or an explicit default value. Use of implicit default value may introduce unintended design optimizations. File: C:/DesComp/Aula5/Aula2Atividade.vhd Line: 121
Warning (10036): Verilog HDL or VHDL warning at Aula2Atividade.vhd(122): object "HEX5_SAIDA" assigned a value but never read File: C:/DesComp/Aula5/Aula2Atividade.vhd Line: 122
Info (12128): Elaborating entity "muxGenerico2x1" for hierarchy "muxGenerico2x1:MUX1" File: C:/DesComp/Aula5/Aula2Atividade.vhd Line: 138
Info (12128): Elaborating entity "muxGenerico4x1" for hierarchy "muxGenerico4x1:MUX2" File: C:/DesComp/Aula5/Aula2Atividade.vhd Line: 144
Info (10041): Inferred latch for "saida_MUX[0]" at muxGenerico4x1.vhd(16) File: C:/DesComp/Aula5/muxGenerico4x1.vhd Line: 16
Info (10041): Inferred latch for "saida_MUX[1]" at muxGenerico4x1.vhd(16) File: C:/DesComp/Aula5/muxGenerico4x1.vhd Line: 16
Info (10041): Inferred latch for "saida_MUX[2]" at muxGenerico4x1.vhd(16) File: C:/DesComp/Aula5/muxGenerico4x1.vhd Line: 16
Info (10041): Inferred latch for "saida_MUX[3]" at muxGenerico4x1.vhd(16) File: C:/DesComp/Aula5/muxGenerico4x1.vhd Line: 16
Info (10041): Inferred latch for "saida_MUX[4]" at muxGenerico4x1.vhd(16) File: C:/DesComp/Aula5/muxGenerico4x1.vhd Line: 16
Info (10041): Inferred latch for "saida_MUX[5]" at muxGenerico4x1.vhd(16) File: C:/DesComp/Aula5/muxGenerico4x1.vhd Line: 16
Info (10041): Inferred latch for "saida_MUX[6]" at muxGenerico4x1.vhd(16) File: C:/DesComp/Aula5/muxGenerico4x1.vhd Line: 16
Info (10041): Inferred latch for "saida_MUX[7]" at muxGenerico4x1.vhd(16) File: C:/DesComp/Aula5/muxGenerico4x1.vhd Line: 16
Info (10041): Inferred latch for "saida_MUX[8]" at muxGenerico4x1.vhd(16) File: C:/DesComp/Aula5/muxGenerico4x1.vhd Line: 16
Info (12128): Elaborating entity "registradorGenerico" for hierarchy "registradorGenerico:REGA" File: C:/DesComp/Aula5/Aula2Atividade.vhd Line: 152
Info (12128): Elaborating entity "registradorGenerico" for hierarchy "registradorGenerico:PC" File: C:/DesComp/Aula5/Aula2Atividade.vhd Line: 156
Info (12128): Elaborating entity "somaConstante" for hierarchy "somaConstante:incrementaPC" File: C:/DesComp/Aula5/Aula2Atividade.vhd Line: 159
Info (12128): Elaborating entity "regFlipFlop" for hierarchy "regFlipFlop:flagIgual" File: C:/DesComp/Aula5/Aula2Atividade.vhd Line: 164
Info (12128): Elaborating entity "ULASomaSub" for hierarchy "ULASomaSub:ULA1" File: C:/DesComp/Aula5/Aula2Atividade.vhd Line: 173
Info (10041): Inferred latch for "saida_cmp" at ULASomaSub.vhd(28) File: C:/DesComp/Aula5/ULASomaSub.vhd Line: 28
Info (10041): Inferred latch for "saida[0]" at ULASomaSub.vhd(25) File: C:/DesComp/Aula5/ULASomaSub.vhd Line: 25
Info (10041): Inferred latch for "saida[1]" at ULASomaSub.vhd(25) File: C:/DesComp/Aula5/ULASomaSub.vhd Line: 25
Info (10041): Inferred latch for "saida[2]" at ULASomaSub.vhd(25) File: C:/DesComp/Aula5/ULASomaSub.vhd Line: 25
Info (10041): Inferred latch for "saida[3]" at ULASomaSub.vhd(25) File: C:/DesComp/Aula5/ULASomaSub.vhd Line: 25
Info (10041): Inferred latch for "saida[4]" at ULASomaSub.vhd(25) File: C:/DesComp/Aula5/ULASomaSub.vhd Line: 25
Info (10041): Inferred latch for "saida[5]" at ULASomaSub.vhd(25) File: C:/DesComp/Aula5/ULASomaSub.vhd Line: 25
Info (10041): Inferred latch for "saida[6]" at ULASomaSub.vhd(25) File: C:/DesComp/Aula5/ULASomaSub.vhd Line: 25
Info (10041): Inferred latch for "saida[7]" at ULASomaSub.vhd(25) File: C:/DesComp/Aula5/ULASomaSub.vhd Line: 25
Info (12128): Elaborating entity "memoriaROM" for hierarchy "memoriaROM:ROM1" File: C:/DesComp/Aula5/Aula2Atividade.vhd Line: 177
Info (12128): Elaborating entity "decoderInstru" for hierarchy "decoderInstru:decoderInstru" File: C:/DesComp/Aula5/Aula2Atividade.vhd Line: 181
Info (12128): Elaborating entity "logicaDeDesvio" for hierarchy "logicaDeDesvio:logicaDeDesvio" File: C:/DesComp/Aula5/Aula2Atividade.vhd Line: 188
Info (12128): Elaborating entity "memoriaDeDados" for hierarchy "memoriaDeDados:RAM1" File: C:/DesComp/Aula5/Aula2Atividade.vhd Line: 193
Info (12128): Elaborating entity "conversorHex7Seg" for hierarchy "conversorHex7Seg:Hex0value" File: C:/DesComp/Aula5/Aula2Atividade.vhd Line: 214
Info (276014): Found 1 instances of uninferred RAM logic
    Info (276007): RAM logic "memoriaDeDados:RAM1|ram" is uninferred due to asynchronous read logic File: C:/DesComp/Aula5/memoriaDeDados.vhd Line: 28
Warning (13046): Tri-state node(s) do not directly drive top-level pin(s)
    Warning (13049): Converted tri-state buffer "memoriaDeDados:RAM1|DadoOut[0]" feeding internal logic into a wire File: C:/DesComp/Aula5/memoriaDeDados.vhd Line: 14
    Warning (13049): Converted tri-state buffer "memoriaDeDados:RAM1|DadoOut[1]" feeding internal logic into a wire File: C:/DesComp/Aula5/memoriaDeDados.vhd Line: 14
    Warning (13049): Converted tri-state buffer "memoriaDeDados:RAM1|DadoOut[2]" feeding internal logic into a wire File: C:/DesComp/Aula5/memoriaDeDados.vhd Line: 14
    Warning (13049): Converted tri-state buffer "memoriaDeDados:RAM1|DadoOut[3]" feeding internal logic into a wire File: C:/DesComp/Aula5/memoriaDeDados.vhd Line: 14
    Warning (13049): Converted tri-state buffer "memoriaDeDados:RAM1|DadoOut[4]" feeding internal logic into a wire File: C:/DesComp/Aula5/memoriaDeDados.vhd Line: 14
    Warning (13049): Converted tri-state buffer "memoriaDeDados:RAM1|DadoOut[5]" feeding internal logic into a wire File: C:/DesComp/Aula5/memoriaDeDados.vhd Line: 14
    Warning (13049): Converted tri-state buffer "memoriaDeDados:RAM1|DadoOut[6]" feeding internal logic into a wire File: C:/DesComp/Aula5/memoriaDeDados.vhd Line: 14
    Warning (13049): Converted tri-state buffer "memoriaDeDados:RAM1|DadoOut[7]" feeding internal logic into a wire File: C:/DesComp/Aula5/memoriaDeDados.vhd Line: 14
Warning (14026): LATCH primitive "muxGenerico4x1:MUX2|saida_MUX[0]" is permanently enabled File: C:/DesComp/Aula5/muxGenerico4x1.vhd Line: 16
Warning (14026): LATCH primitive "muxGenerico4x1:MUX2|saida_MUX[1]" is permanently enabled File: C:/DesComp/Aula5/muxGenerico4x1.vhd Line: 16
Warning (14026): LATCH primitive "muxGenerico4x1:MUX2|saida_MUX[2]" is permanently enabled File: C:/DesComp/Aula5/muxGenerico4x1.vhd Line: 16
Warning (14026): LATCH primitive "muxGenerico4x1:MUX2|saida_MUX[3]" is permanently enabled File: C:/DesComp/Aula5/muxGenerico4x1.vhd Line: 16
Warning (14026): LATCH primitive "muxGenerico4x1:MUX2|saida_MUX[4]" is permanently enabled File: C:/DesComp/Aula5/muxGenerico4x1.vhd Line: 16
Warning (14026): LATCH primitive "muxGenerico4x1:MUX2|saida_MUX[5]" is permanently enabled File: C:/DesComp/Aula5/muxGenerico4x1.vhd Line: 16
Warning (14026): LATCH primitive "muxGenerico4x1:MUX2|saida_MUX[6]" is permanently enabled File: C:/DesComp/Aula5/muxGenerico4x1.vhd Line: 16
Warning (14026): LATCH primitive "muxGenerico4x1:MUX2|saida_MUX[7]" is permanently enabled File: C:/DesComp/Aula5/muxGenerico4x1.vhd Line: 16
Warning (14026): LATCH primitive "muxGenerico4x1:MUX2|saida_MUX[8]" is permanently enabled File: C:/DesComp/Aula5/muxGenerico4x1.vhd Line: 16
Warning (13012): Latch ULASomaSub:ULA1|saida[0] has unsafe behavior File: C:/DesComp/Aula5/ULASomaSub.vhd Line: 25
    Warning (13013): Ports D and ENA on the latch are fed by the same signal registradorGenerico:PC|DOUT[8] File: C:/DesComp/Aula5/registradorGenerico.vhd Line: 30
Warning (13012): Latch ULASomaSub:ULA1|saida[1] has unsafe behavior File: C:/DesComp/Aula5/ULASomaSub.vhd Line: 25
    Warning (13013): Ports D and ENA on the latch are fed by the same signal registradorGenerico:PC|DOUT[8] File: C:/DesComp/Aula5/registradorGenerico.vhd Line: 30
Warning (13012): Latch ULASomaSub:ULA1|saida[2] has unsafe behavior File: C:/DesComp/Aula5/ULASomaSub.vhd Line: 25
    Warning (13013): Ports D and ENA on the latch are fed by the same signal registradorGenerico:PC|DOUT[8] File: C:/DesComp/Aula5/registradorGenerico.vhd Line: 30
Warning (13012): Latch ULASomaSub:ULA1|saida[3] has unsafe behavior File: C:/DesComp/Aula5/ULASomaSub.vhd Line: 25
    Warning (13013): Ports D and ENA on the latch are fed by the same signal registradorGenerico:PC|DOUT[8] File: C:/DesComp/Aula5/registradorGenerico.vhd Line: 30
Warning (13012): Latch ULASomaSub:ULA1|saida[4] has unsafe behavior File: C:/DesComp/Aula5/ULASomaSub.vhd Line: 25
    Warning (13013): Ports D and ENA on the latch are fed by the same signal registradorGenerico:PC|DOUT[7] File: C:/DesComp/Aula5/registradorGenerico.vhd Line: 30
Warning (13012): Latch ULASomaSub:ULA1|saida[5] has unsafe behavior File: C:/DesComp/Aula5/ULASomaSub.vhd Line: 25
    Warning (13013): Ports D and ENA on the latch are fed by the same signal registradorGenerico:PC|DOUT[7] File: C:/DesComp/Aula5/registradorGenerico.vhd Line: 30
Warning (13012): Latch ULASomaSub:ULA1|saida[6] has unsafe behavior File: C:/DesComp/Aula5/ULASomaSub.vhd Line: 25
    Warning (13013): Ports D and ENA on the latch are fed by the same signal registradorGenerico:PC|DOUT[7] File: C:/DesComp/Aula5/registradorGenerico.vhd Line: 30
Warning (13012): Latch ULASomaSub:ULA1|saida[7] has unsafe behavior File: C:/DesComp/Aula5/ULASomaSub.vhd Line: 25
    Warning (13013): Ports D and ENA on the latch are fed by the same signal registradorGenerico:PC|DOUT[7] File: C:/DesComp/Aula5/registradorGenerico.vhd Line: 30
Warning (13024): Output pins are stuck at VCC or GND
    Warning (13410): Pin "HEX0[0]" is stuck at GND File: C:/DesComp/Aula5/Aula2Atividade.vhd Line: 16
    Warning (13410): Pin "HEX0[1]" is stuck at GND File: C:/DesComp/Aula5/Aula2Atividade.vhd Line: 16
    Warning (13410): Pin "HEX0[2]" is stuck at GND File: C:/DesComp/Aula5/Aula2Atividade.vhd Line: 16
    Warning (13410): Pin "HEX0[3]" is stuck at GND File: C:/DesComp/Aula5/Aula2Atividade.vhd Line: 16
    Warning (13410): Pin "HEX0[4]" is stuck at GND File: C:/DesComp/Aula5/Aula2Atividade.vhd Line: 16
    Warning (13410): Pin "HEX0[5]" is stuck at GND File: C:/DesComp/Aula5/Aula2Atividade.vhd Line: 16
    Warning (13410): Pin "HEX0[6]" is stuck at GND File: C:/DesComp/Aula5/Aula2Atividade.vhd Line: 16
    Warning (13410): Pin "HEX1[0]" is stuck at GND File: C:/DesComp/Aula5/Aula2Atividade.vhd Line: 17
    Warning (13410): Pin "HEX1[1]" is stuck at GND File: C:/DesComp/Aula5/Aula2Atividade.vhd Line: 17
    Warning (13410): Pin "HEX1[2]" is stuck at GND File: C:/DesComp/Aula5/Aula2Atividade.vhd Line: 17
    Warning (13410): Pin "HEX1[3]" is stuck at GND File: C:/DesComp/Aula5/Aula2Atividade.vhd Line: 17
    Warning (13410): Pin "HEX1[4]" is stuck at GND File: C:/DesComp/Aula5/Aula2Atividade.vhd Line: 17
    Warning (13410): Pin "HEX1[5]" is stuck at GND File: C:/DesComp/Aula5/Aula2Atividade.vhd Line: 17
    Warning (13410): Pin "HEX1[6]" is stuck at GND File: C:/DesComp/Aula5/Aula2Atividade.vhd Line: 17
    Warning (13410): Pin "HEX2[0]" is stuck at GND File: C:/DesComp/Aula5/Aula2Atividade.vhd Line: 18
    Warning (13410): Pin "HEX2[1]" is stuck at GND File: C:/DesComp/Aula5/Aula2Atividade.vhd Line: 18
    Warning (13410): Pin "HEX2[2]" is stuck at GND File: C:/DesComp/Aula5/Aula2Atividade.vhd Line: 18
    Warning (13410): Pin "HEX2[3]" is stuck at GND File: C:/DesComp/Aula5/Aula2Atividade.vhd Line: 18
    Warning (13410): Pin "HEX2[4]" is stuck at GND File: C:/DesComp/Aula5/Aula2Atividade.vhd Line: 18
    Warning (13410): Pin "HEX2[5]" is stuck at GND File: C:/DesComp/Aula5/Aula2Atividade.vhd Line: 18
    Warning (13410): Pin "HEX2[6]" is stuck at GND File: C:/DesComp/Aula5/Aula2Atividade.vhd Line: 18
    Warning (13410): Pin "HEX3[0]" is stuck at GND File: C:/DesComp/Aula5/Aula2Atividade.vhd Line: 19
    Warning (13410): Pin "HEX3[1]" is stuck at GND File: C:/DesComp/Aula5/Aula2Atividade.vhd Line: 19
    Warning (13410): Pin "HEX3[2]" is stuck at GND File: C:/DesComp/Aula5/Aula2Atividade.vhd Line: 19
    Warning (13410): Pin "HEX3[3]" is stuck at GND File: C:/DesComp/Aula5/Aula2Atividade.vhd Line: 19
    Warning (13410): Pin "HEX3[4]" is stuck at GND File: C:/DesComp/Aula5/Aula2Atividade.vhd Line: 19
    Warning (13410): Pin "HEX3[5]" is stuck at GND File: C:/DesComp/Aula5/Aula2Atividade.vhd Line: 19
    Warning (13410): Pin "HEX3[6]" is stuck at GND File: C:/DesComp/Aula5/Aula2Atividade.vhd Line: 19
    Warning (13410): Pin "HEX4[0]" is stuck at GND File: C:/DesComp/Aula5/Aula2Atividade.vhd Line: 20
    Warning (13410): Pin "HEX4[1]" is stuck at GND File: C:/DesComp/Aula5/Aula2Atividade.vhd Line: 20
    Warning (13410): Pin "HEX4[2]" is stuck at GND File: C:/DesComp/Aula5/Aula2Atividade.vhd Line: 20
    Warning (13410): Pin "HEX4[3]" is stuck at GND File: C:/DesComp/Aula5/Aula2Atividade.vhd Line: 20
    Warning (13410): Pin "HEX4[4]" is stuck at GND File: C:/DesComp/Aula5/Aula2Atividade.vhd Line: 20
    Warning (13410): Pin "HEX4[5]" is stuck at GND File: C:/DesComp/Aula5/Aula2Atividade.vhd Line: 20
    Warning (13410): Pin "HEX4[6]" is stuck at GND File: C:/DesComp/Aula5/Aula2Atividade.vhd Line: 20
    Warning (13410): Pin "HEX5[0]" is stuck at GND File: C:/DesComp/Aula5/Aula2Atividade.vhd Line: 21
    Warning (13410): Pin "HEX5[1]" is stuck at GND File: C:/DesComp/Aula5/Aula2Atividade.vhd Line: 21
    Warning (13410): Pin "HEX5[2]" is stuck at GND File: C:/DesComp/Aula5/Aula2Atividade.vhd Line: 21
    Warning (13410): Pin "HEX5[3]" is stuck at GND File: C:/DesComp/Aula5/Aula2Atividade.vhd Line: 21
    Warning (13410): Pin "HEX5[4]" is stuck at GND File: C:/DesComp/Aula5/Aula2Atividade.vhd Line: 21
    Warning (13410): Pin "HEX5[5]" is stuck at GND File: C:/DesComp/Aula5/Aula2Atividade.vhd Line: 21
    Warning (13410): Pin "HEX5[6]" is stuck at GND File: C:/DesComp/Aula5/Aula2Atividade.vhd Line: 21
Info (286030): Timing-Driven Synthesis is running
Info (16010): Generating hard_block partition "hard_block:auto_generated_inst"
    Info (16011): Adding 0 node(s), including 0 DDIO, 0 PLL, 0 transceiver and 0 LCELL
Warning (21074): Design contains 14 input pin(s) that do not drive logic
    Warning (15610): No output dependent on input pin "CLOCK_50" File: C:/DesComp/Aula5/Aula2Atividade.vhd Line: 11
    Warning (15610): No output dependent on input pin "KEY[1]" File: C:/DesComp/Aula5/Aula2Atividade.vhd Line: 12
    Warning (15610): No output dependent on input pin "KEY[2]" File: C:/DesComp/Aula5/Aula2Atividade.vhd Line: 12
    Warning (15610): No output dependent on input pin "KEY[3]" File: C:/DesComp/Aula5/Aula2Atividade.vhd Line: 12
    Warning (15610): No output dependent on input pin "SW[0]" File: C:/DesComp/Aula5/Aula2Atividade.vhd Line: 13
    Warning (15610): No output dependent on input pin "SW[1]" File: C:/DesComp/Aula5/Aula2Atividade.vhd Line: 13
    Warning (15610): No output dependent on input pin "SW[2]" File: C:/DesComp/Aula5/Aula2Atividade.vhd Line: 13
    Warning (15610): No output dependent on input pin "SW[3]" File: C:/DesComp/Aula5/Aula2Atividade.vhd Line: 13
    Warning (15610): No output dependent on input pin "SW[4]" File: C:/DesComp/Aula5/Aula2Atividade.vhd Line: 13
    Warning (15610): No output dependent on input pin "SW[5]" File: C:/DesComp/Aula5/Aula2Atividade.vhd Line: 13
    Warning (15610): No output dependent on input pin "SW[6]" File: C:/DesComp/Aula5/Aula2Atividade.vhd Line: 13
    Warning (15610): No output dependent on input pin "SW[7]" File: C:/DesComp/Aula5/Aula2Atividade.vhd Line: 13
    Warning (15610): No output dependent on input pin "SW[8]" File: C:/DesComp/Aula5/Aula2Atividade.vhd Line: 13
    Warning (15610): No output dependent on input pin "SW[9]" File: C:/DesComp/Aula5/Aula2Atividade.vhd Line: 13
Info (21057): Implemented 336 device resources after synthesis - the final resource count might be different
    Info (21058): Implemented 15 input pins
    Info (21059): Implemented 61 output pins
    Info (21061): Implemented 260 logic cells
Info: Quartus Prime Analysis & Synthesis was successful. 0 errors, 121 warnings
    Info: Peak virtual memory: 4860 megabytes
    Info: Processing ended: Thu Oct 13 20:35:11 2022
    Info: Elapsed time: 00:00:16
    Info: Total CPU time (on all processors): 00:00:39


